/!\ FAILSAFE /!\  Tue May 25 16:48:04 +0200 2010
  Status: 500 Internal Server Error
  no such file to load -- sqlite3
    /usr/local/lib/ruby/site_ruby/1.8/rubygems/custom_require.rb:31:in `gem_original_require'
    /usr/local/lib/ruby/site_ruby/1.8/rubygems/custom_require.rb:31:in `require'
    /usr/local/lib/ruby/gems/1.8/gems/activesupport-2.3.5/lib/active_support/dependencies.rb:156:in `require'
    /usr/local/lib/ruby/gems/1.8/gems/activesupport-2.3.5/lib/active_support/dependencies.rb:521:in `new_constants_in'
    /usr/local/lib/ruby/gems/1.8/gems/activesupport-2.3.5/lib/active_support/dependencies.rb:156:in `require'
    /usr/local/lib/ruby/gems/1.8/gems/activesupport-2.3.5/lib/active_support/core_ext/kernel/requires.rb:7:in `require_library_or_gem'
    /usr/local/lib/ruby/gems/1.8/gems/activesupport-2.3.5/lib/active_support/core_ext/kernel/reporting.rb:11:in `silence_warnings'
    /usr/local/lib/ruby/gems/1.8/gems/activesupport-2.3.5/lib/active_support/core_ext/kernel/requires.rb:5:in `require_library_or_gem'
    /usr/local/lib/ruby/gems/1.8/gems/activerecord-2.3.5/lib/active_record/connection_adapters/sqlite3_adapter.rb:10:in `sqlite3_connection'
    /usr/local/lib/ruby/gems/1.8/gems/activerecord-2.3.5/lib/active_record/connection_adapters/abstract/connection_pool.rb:223:in `send'
    /usr/local/lib/ruby/gems/1.8/gems/activerecord-2.3.5/lib/active_record/connection_adapters/abstract/connection_pool.rb:223:in `new_connection'
    /usr/local/lib/ruby/gems/1.8/gems/activerecord-2.3.5/lib/active_record/connection_adapters/abstract/connection_pool.rb:245:in `checkout_new_connection'
    /usr/local/lib/ruby/gems/1.8/gems/activerecord-2.3.5/lib/active_record/connection_adapters/abstract/connection_pool.rb:188:in `checkout'
    /usr/local/lib/ruby/gems/1.8/gems/activerecord-2.3.5/lib/active_record/connection_adapters/abstract/connection_pool.rb:184:in `loop'
    /usr/local/lib/ruby/gems/1.8/gems/activerecord-2.3.5/lib/active_record/connection_adapters/abstract/connection_pool.rb:184:in `checkout'
    /usr/local/lib/ruby/1.8/monitor.rb:242:in `synchronize'
    /usr/local/lib/ruby/gems/1.8/gems/activerecord-2.3.5/lib/active_record/connection_adapters/abstract/connection_pool.rb:183:in `checkout'
    /usr/local/lib/ruby/gems/1.8/gems/activerecord-2.3.5/lib/active_record/connection_adapters/abstract/connection_pool.rb:98:in `connection'
    /usr/local/lib/ruby/gems/1.8/gems/activerecord-2.3.5/lib/active_record/connection_adapters/abstract/connection_pool.rb:326:in `retrieve_connection'
    /usr/local/lib/ruby/gems/1.8/gems/activerecord-2.3.5/lib/active_record/connection_adapters/abstract/connection_specification.rb:123:in `retrieve_connection'
    /usr/local/lib/ruby/gems/1.8/gems/activerecord-2.3.5/lib/active_record/connection_adapters/abstract/connection_specification.rb:115:in `connection'
    /usr/local/lib/ruby/gems/1.8/gems/activerecord-2.3.5/lib/active_record/query_cache.rb:9:in `cache'
    /usr/local/lib/ruby/gems/1.8/gems/activerecord-2.3.5/lib/active_record/query_cache.rb:28:in `call'
    /usr/local/lib/ruby/gems/1.8/gems/activerecord-2.3.5/lib/active_record/connection_adapters/abstract/connection_pool.rb:361:in `call'
    /usr/local/lib/ruby/gems/1.8/gems/actionpack-2.3.5/lib/action_controller/string_coercion.rb:25:in `call'
    /usr/local/lib/ruby/gems/1.8/gems/rack-1.0.1/lib/rack/head.rb:9:in `call'
    /usr/local/lib/ruby/gems/1.8/gems/rack-1.0.1/lib/rack/methodoverride.rb:24:in `call'
    /usr/local/lib/ruby/gems/1.8/gems/actionpack-2.3.5/lib/action_controller/params_parser.rb:15:in `call'
    /home/mic/dev/playground/fbapp/vendor/plugins/facebooker/lib/rack/facebook.rb:43:in `call'
    /usr/local/lib/ruby/gems/1.8/gems/actionpack-2.3.5/lib/action_controller/session/cookie_store.rb:93:in `call'
    /usr/local/lib/ruby/gems/1.8/gems/actionpack-2.3.5/lib/action_controller/failsafe.rb:26:in `call'
    /usr/local/lib/ruby/gems/1.8/gems/rack-1.0.1/lib/rack/lock.rb:11:in `call'
    /usr/local/lib/ruby/gems/1.8/gems/rack-1.0.1/lib/rack/lock.rb:11:in `synchronize'
    /usr/local/lib/ruby/gems/1.8/gems/rack-1.0.1/lib/rack/lock.rb:11:in `call'
    /usr/local/lib/ruby/gems/1.8/gems/actionpack-2.3.5/lib/action_controller/dispatcher.rb:114:in `call'
    /usr/local/lib/ruby/gems/1.8/gems/actionpack-2.3.5/lib/action_controller/reloader.rb:34:in `run'
    /usr/local/lib/ruby/gems/1.8/gems/actionpack-2.3.5/lib/action_controller/dispatcher.rb:108:in `call'
    /usr/local/lib/ruby/gems/1.8/gems/rails-2.3.5/lib/rails/rack/static.rb:31:in `call'
    /usr/local/lib/ruby/gems/1.8/gems/rack-1.0.1/lib/rack/urlmap.rb:46:in `call'
    /usr/local/lib/ruby/gems/1.8/gems/rack-1.0.1/lib/rack/urlmap.rb:40:in `each'
    /usr/local/lib/ruby/gems/1.8/gems/rack-1.0.1/lib/rack/urlmap.rb:40:in `call'
    /usr/local/lib/ruby/gems/1.8/gems/rails-2.3.5/lib/rails/rack/log_tailer.rb:17:in `call'
    /usr/local/lib/ruby/gems/1.8/gems/rack-1.0.1/lib/rack/content_length.rb:13:in `call'
    /usr/local/lib/ruby/gems/1.8/gems/rack-1.0.1/lib/rack/handler/webrick.rb:50:in `service'
    /usr/local/lib/ruby/1.8/webrick/httpserver.rb:104:in `service'
    /usr/local/lib/ruby/1.8/webrick/httpserver.rb:65:in `run'
    /usr/local/lib/ruby/1.8/webrick/server.rb:173:in `start_thread'
    /usr/local/lib/ruby/1.8/webrick/server.rb:162:in `start'
    /usr/local/lib/ruby/1.8/webrick/server.rb:162:in `start_thread'
    /usr/local/lib/ruby/1.8/webrick/server.rb:95:in `start'
    /usr/local/lib/ruby/1.8/webrick/server.rb:92:in `each'
    /usr/local/lib/ruby/1.8/webrick/server.rb:92:in `start'
    /usr/local/lib/ruby/1.8/webrick/server.rb:23:in `start'
    /usr/local/lib/ruby/1.8/webrick/server.rb:82:in `start'
    /usr/local/lib/ruby/gems/1.8/gems/rack-1.0.1/lib/rack/handler/webrick.rb:14:in `run'
    /usr/local/lib/ruby/gems/1.8/gems/rails-2.3.5/lib/commands/server.rb:111
    /usr/local/lib/ruby/site_ruby/1.8/rubygems/custom_require.rb:31:in `gem_original_require'
    /usr/local/lib/ruby/site_ruby/1.8/rubygems/custom_require.rb:31:in `require'
    ./script/server:3
    -e:2:in `load'
    -e:2
/!\ FAILSAFE /!\  Tue May 25 16:51:07 +0200 2010
  Status: 500 Internal Server Error
  no such file to load -- sqlite3
    /usr/local/lib/ruby/site_ruby/1.8/rubygems/custom_require.rb:31:in `gem_original_require'
    /usr/local/lib/ruby/site_ruby/1.8/rubygems/custom_require.rb:31:in `require'
    /usr/local/lib/ruby/gems/1.8/gems/activesupport-2.3.5/lib/active_support/dependencies.rb:156:in `require'
    /usr/local/lib/ruby/gems/1.8/gems/activesupport-2.3.5/lib/active_support/dependencies.rb:521:in `new_constants_in'
    /usr/local/lib/ruby/gems/1.8/gems/activesupport-2.3.5/lib/active_support/dependencies.rb:156:in `require'
    /usr/local/lib/ruby/gems/1.8/gems/activesupport-2.3.5/lib/active_support/core_ext/kernel/requires.rb:7:in `require_library_or_gem'
    /usr/local/lib/ruby/gems/1.8/gems/activesupport-2.3.5/lib/active_support/core_ext/kernel/reporting.rb:11:in `silence_warnings'
    /usr/local/lib/ruby/gems/1.8/gems/activesupport-2.3.5/lib/active_support/core_ext/kernel/requires.rb:5:in `require_library_or_gem'
    /usr/local/lib/ruby/gems/1.8/gems/activerecord-2.3.5/lib/active_record/connection_adapters/sqlite3_adapter.rb:10:in `sqlite3_connection'
    /usr/local/lib/ruby/gems/1.8/gems/activerecord-2.3.5/lib/active_record/connection_adapters/abstract/connection_pool.rb:223:in `send'
    /usr/local/lib/ruby/gems/1.8/gems/activerecord-2.3.5/lib/active_record/connection_adapters/abstract/connection_pool.rb:223:in `new_connection'
    /usr/local/lib/ruby/gems/1.8/gems/activerecord-2.3.5/lib/active_record/connection_adapters/abstract/connection_pool.rb:245:in `checkout_new_connection'
    /usr/local/lib/ruby/gems/1.8/gems/activerecord-2.3.5/lib/active_record/connection_adapters/abstract/connection_pool.rb:188:in `checkout'
    /usr/local/lib/ruby/gems/1.8/gems/activerecord-2.3.5/lib/active_record/connection_adapters/abstract/connection_pool.rb:184:in `loop'
    /usr/local/lib/ruby/gems/1.8/gems/activerecord-2.3.5/lib/active_record/connection_adapters/abstract/connection_pool.rb:184:in `checkout'
    /usr/local/lib/ruby/1.8/monitor.rb:242:in `synchronize'
    /usr/local/lib/ruby/gems/1.8/gems/activerecord-2.3.5/lib/active_record/connection_adapters/abstract/connection_pool.rb:183:in `checkout'
    /usr/local/lib/ruby/gems/1.8/gems/activerecord-2.3.5/lib/active_record/connection_adapters/abstract/connection_pool.rb:98:in `connection'
    /usr/local/lib/ruby/gems/1.8/gems/activerecord-2.3.5/lib/active_record/connection_adapters/abstract/connection_pool.rb:326:in `retrieve_connection'
    /usr/local/lib/ruby/gems/1.8/gems/activerecord-2.3.5/lib/active_record/connection_adapters/abstract/connection_specification.rb:123:in `retrieve_connection'
    /usr/local/lib/ruby/gems/1.8/gems/activerecord-2.3.5/lib/active_record/connection_adapters/abstract/connection_specification.rb:115:in `connection'
    /usr/local/lib/ruby/gems/1.8/gems/activerecord-2.3.5/lib/active_record/query_cache.rb:9:in `cache'
    /usr/local/lib/ruby/gems/1.8/gems/activerecord-2.3.5/lib/active_record/query_cache.rb:28:in `call'
    /usr/local/lib/ruby/gems/1.8/gems/activerecord-2.3.5/lib/active_record/connection_adapters/abstract/connection_pool.rb:361:in `call'
    /usr/local/lib/ruby/gems/1.8/gems/actionpack-2.3.5/lib/action_controller/string_coercion.rb:25:in `call'
    /usr/local/lib/ruby/gems/1.8/gems/rack-1.0.1/lib/rack/head.rb:9:in `call'
    /usr/local/lib/ruby/gems/1.8/gems/rack-1.0.1/lib/rack/methodoverride.rb:24:in `call'
    /usr/local/lib/ruby/gems/1.8/gems/actionpack-2.3.5/lib/action_controller/params_parser.rb:15:in `call'
    /home/mic/dev/playground/fbapp/vendor/plugins/facebooker/lib/rack/facebook.rb:43:in `call'
    /usr/local/lib/ruby/gems/1.8/gems/actionpack-2.3.5/lib/action_controller/session/cookie_store.rb:93:in `call'
    /usr/local/lib/ruby/gems/1.8/gems/actionpack-2.3.5/lib/action_controller/failsafe.rb:26:in `call'
    /usr/local/lib/ruby/gems/1.8/gems/rack-1.0.1/lib/rack/lock.rb:11:in `call'
    /usr/local/lib/ruby/gems/1.8/gems/rack-1.0.1/lib/rack/lock.rb:11:in `synchronize'
    /usr/local/lib/ruby/gems/1.8/gems/rack-1.0.1/lib/rack/lock.rb:11:in `call'
    /usr/local/lib/ruby/gems/1.8/gems/actionpack-2.3.5/lib/action_controller/dispatcher.rb:114:in `call'
    /usr/local/lib/ruby/gems/1.8/gems/actionpack-2.3.5/lib/action_controller/reloader.rb:34:in `run'
    /usr/local/lib/ruby/gems/1.8/gems/actionpack-2.3.5/lib/action_controller/dispatcher.rb:108:in `call'
    /usr/local/lib/ruby/gems/1.8/gems/rails-2.3.5/lib/rails/rack/static.rb:31:in `call'
    /usr/local/lib/ruby/gems/1.8/gems/rack-1.0.1/lib/rack/urlmap.rb:46:in `call'
    /usr/local/lib/ruby/gems/1.8/gems/rack-1.0.1/lib/rack/urlmap.rb:40:in `each'
    /usr/local/lib/ruby/gems/1.8/gems/rack-1.0.1/lib/rack/urlmap.rb:40:in `call'
    /usr/local/lib/ruby/gems/1.8/gems/rails-2.3.5/lib/rails/rack/log_tailer.rb:17:in `call'
    /usr/local/lib/ruby/gems/1.8/gems/rack-1.0.1/lib/rack/content_length.rb:13:in `call'
    /usr/local/lib/ruby/gems/1.8/gems/rack-1.0.1/lib/rack/handler/webrick.rb:50:in `service'
    /usr/local/lib/ruby/1.8/webrick/httpserver.rb:104:in `service'
    /usr/local/lib/ruby/1.8/webrick/httpserver.rb:65:in `run'
    /usr/local/lib/ruby/1.8/webrick/server.rb:173:in `start_thread'
    /usr/local/lib/ruby/1.8/webrick/server.rb:162:in `start'
    /usr/local/lib/ruby/1.8/webrick/server.rb:162:in `start_thread'
    /usr/local/lib/ruby/1.8/webrick/server.rb:95:in `start'
    /usr/local/lib/ruby/1.8/webrick/server.rb:92:in `each'
    /usr/local/lib/ruby/1.8/webrick/server.rb:92:in `start'
    /usr/local/lib/ruby/1.8/webrick/server.rb:23:in `start'
    /usr/local/lib/ruby/1.8/webrick/server.rb:82:in `start'
    /usr/local/lib/ruby/gems/1.8/gems/rack-1.0.1/lib/rack/handler/webrick.rb:14:in `run'
    /usr/local/lib/ruby/gems/1.8/gems/rails-2.3.5/lib/commands/server.rb:111
    /usr/local/lib/ruby/site_ruby/1.8/rubygems/custom_require.rb:31:in `gem_original_require'
    /usr/local/lib/ruby/site_ruby/1.8/rubygems/custom_require.rb:31:in `require'
    ./script/server:3
    -e:2:in `load'
    -e:2
/!\ FAILSAFE /!\  Tue May 25 16:52:38 +0200 2010
  Status: 500 Internal Server Error
  no such file to load -- sqlite3
    /usr/local/lib/ruby/site_ruby/1.8/rubygems/custom_require.rb:31:in `gem_original_require'
    /usr/local/lib/ruby/site_ruby/1.8/rubygems/custom_require.rb:31:in `require'
    /usr/local/lib/ruby/gems/1.8/gems/activesupport-2.3.5/lib/active_support/dependencies.rb:156:in `require'
    /usr/local/lib/ruby/gems/1.8/gems/activesupport-2.3.5/lib/active_support/dependencies.rb:521:in `new_constants_in'
    /usr/local/lib/ruby/gems/1.8/gems/activesupport-2.3.5/lib/active_support/dependencies.rb:156:in `require'
    /usr/local/lib/ruby/gems/1.8/gems/activesupport-2.3.5/lib/active_support/core_ext/kernel/requires.rb:7:in `require_library_or_gem'
    /usr/local/lib/ruby/gems/1.8/gems/activesupport-2.3.5/lib/active_support/core_ext/kernel/reporting.rb:11:in `silence_warnings'
    /usr/local/lib/ruby/gems/1.8/gems/activesupport-2.3.5/lib/active_support/core_ext/kernel/requires.rb:5:in `require_library_or_gem'
    /usr/local/lib/ruby/gems/1.8/gems/activerecord-2.3.5/lib/active_record/connection_adapters/sqlite3_adapter.rb:10:in `sqlite3_connection'
    /usr/local/lib/ruby/gems/1.8/gems/activerecord-2.3.5/lib/active_record/connection_adapters/abstract/connection_pool.rb:223:in `send'
    /usr/local/lib/ruby/gems/1.8/gems/activerecord-2.3.5/lib/active_record/connection_adapters/abstract/connection_pool.rb:223:in `new_connection'
    /usr/local/lib/ruby/gems/1.8/gems/activerecord-2.3.5/lib/active_record/connection_adapters/abstract/connection_pool.rb:245:in `checkout_new_connection'
    /usr/local/lib/ruby/gems/1.8/gems/activerecord-2.3.5/lib/active_record/connection_adapters/abstract/connection_pool.rb:188:in `checkout'
    /usr/local/lib/ruby/gems/1.8/gems/activerecord-2.3.5/lib/active_record/connection_adapters/abstract/connection_pool.rb:184:in `loop'
    /usr/local/lib/ruby/gems/1.8/gems/activerecord-2.3.5/lib/active_record/connection_adapters/abstract/connection_pool.rb:184:in `checkout'
    /usr/local/lib/ruby/1.8/monitor.rb:242:in `synchronize'
    /usr/local/lib/ruby/gems/1.8/gems/activerecord-2.3.5/lib/active_record/connection_adapters/abstract/connection_pool.rb:183:in `checkout'
    /usr/local/lib/ruby/gems/1.8/gems/activerecord-2.3.5/lib/active_record/connection_adapters/abstract/connection_pool.rb:98:in `connection'
    /usr/local/lib/ruby/gems/1.8/gems/activerecord-2.3.5/lib/active_record/connection_adapters/abstract/connection_pool.rb:326:in `retrieve_connection'
    /usr/local/lib/ruby/gems/1.8/gems/activerecord-2.3.5/lib/active_record/connection_adapters/abstract/connection_specification.rb:123:in `retrieve_connection'
    /usr/local/lib/ruby/gems/1.8/gems/activerecord-2.3.5/lib/active_record/connection_adapters/abstract/connection_specification.rb:115:in `connection'
    /usr/local/lib/ruby/gems/1.8/gems/activerecord-2.3.5/lib/active_record/query_cache.rb:9:in `cache'
    /usr/local/lib/ruby/gems/1.8/gems/activerecord-2.3.5/lib/active_record/query_cache.rb:28:in `call'
    /usr/local/lib/ruby/gems/1.8/gems/activerecord-2.3.5/lib/active_record/connection_adapters/abstract/connection_pool.rb:361:in `call'
    /usr/local/lib/ruby/gems/1.8/gems/actionpack-2.3.5/lib/action_controller/string_coercion.rb:25:in `call'
    /usr/local/lib/ruby/gems/1.8/gems/rack-1.0.1/lib/rack/head.rb:9:in `call'
    /usr/local/lib/ruby/gems/1.8/gems/rack-1.0.1/lib/rack/methodoverride.rb:24:in `call'
    /usr/local/lib/ruby/gems/1.8/gems/actionpack-2.3.5/lib/action_controller/params_parser.rb:15:in `call'
    /home/mic/dev/playground/fbapp/vendor/plugins/facebooker/lib/rack/facebook.rb:43:in `call'
    /usr/local/lib/ruby/gems/1.8/gems/actionpack-2.3.5/lib/action_controller/session/cookie_store.rb:93:in `call'
    /usr/local/lib/ruby/gems/1.8/gems/actionpack-2.3.5/lib/action_controller/failsafe.rb:26:in `call'
    /usr/local/lib/ruby/gems/1.8/gems/rack-1.0.1/lib/rack/lock.rb:11:in `call'
    /usr/local/lib/ruby/gems/1.8/gems/rack-1.0.1/lib/rack/lock.rb:11:in `synchronize'
    /usr/local/lib/ruby/gems/1.8/gems/rack-1.0.1/lib/rack/lock.rb:11:in `call'
    /usr/local/lib/ruby/gems/1.8/gems/actionpack-2.3.5/lib/action_controller/dispatcher.rb:114:in `call'
    /usr/local/lib/ruby/gems/1.8/gems/actionpack-2.3.5/lib/action_controller/reloader.rb:34:in `run'
    /usr/local/lib/ruby/gems/1.8/gems/actionpack-2.3.5/lib/action_controller/dispatcher.rb:108:in `call'
    /usr/local/lib/ruby/gems/1.8/gems/rails-2.3.5/lib/rails/rack/static.rb:31:in `call'
    /usr/local/lib/ruby/gems/1.8/gems/rack-1.0.1/lib/rack/urlmap.rb:46:in `call'
    /usr/local/lib/ruby/gems/1.8/gems/rack-1.0.1/lib/rack/urlmap.rb:40:in `each'
    /usr/local/lib/ruby/gems/1.8/gems/rack-1.0.1/lib/rack/urlmap.rb:40:in `call'
    /usr/local/lib/ruby/gems/1.8/gems/rails-2.3.5/lib/rails/rack/log_tailer.rb:17:in `call'
    /usr/local/lib/ruby/gems/1.8/gems/rack-1.0.1/lib/rack/content_length.rb:13:in `call'
    /usr/local/lib/ruby/gems/1.8/gems/rack-1.0.1/lib/rack/handler/webrick.rb:50:in `service'
    /usr/local/lib/ruby/1.8/webrick/httpserver.rb:104:in `service'
    /usr/local/lib/ruby/1.8/webrick/httpserver.rb:65:in `run'
    /usr/local/lib/ruby/1.8/webrick/server.rb:173:in `start_thread'
    /usr/local/lib/ruby/1.8/webrick/server.rb:162:in `start'
    /usr/local/lib/ruby/1.8/webrick/server.rb:162:in `start_thread'
    /usr/local/lib/ruby/1.8/webrick/server.rb:95:in `start'
    /usr/local/lib/ruby/1.8/webrick/server.rb:92:in `each'
    /usr/local/lib/ruby/1.8/webrick/server.rb:92:in `start'
    /usr/local/lib/ruby/1.8/webrick/server.rb:23:in `start'
    /usr/local/lib/ruby/1.8/webrick/server.rb:82:in `start'
    /usr/local/lib/ruby/gems/1.8/gems/rack-1.0.1/lib/rack/handler/webrick.rb:14:in `run'
    /usr/local/lib/ruby/gems/1.8/gems/rails-2.3.5/lib/commands/server.rb:111
    /usr/local/lib/ruby/site_ruby/1.8/rubygems/custom_require.rb:31:in `gem_original_require'
    /usr/local/lib/ruby/site_ruby/1.8/rubygems/custom_require.rb:31:in `require'
    script/server:3
  [4;36;1mSQL (0.8ms)[0m   [0;1mSET client_min_messages TO 'panic'[0m
  [4;35;1mSQL (0.7ms)[0m   [0mSET client_min_messages TO 'notice'[0m
  [4;36;1mSQL (1.2ms)[0m   [0;1mSET client_encoding TO 'unicode'[0m


Processing WelcomeController#index (for 127.0.0.1 at 2010-05-25 17:03:15) [GET]

ActionController::UnknownAction (No action responded to index. Actions: create_facebook_session, create_facebook_session_with_secret, facebook_params, facebook_session, facebook_session_parameters, one_or_true, redirect_to, render_publisher_error, render_publisher_interface, render_publisher_response, set_facebook_session, top_redirect_to, wants_interface?, and zero_or_false):
  /usr/local/lib/ruby/1.8/webrick/httpserver.rb:104:in `service'
  /usr/local/lib/ruby/1.8/webrick/httpserver.rb:65:in `run'
  /usr/local/lib/ruby/1.8/webrick/server.rb:173:in `start_thread'
  /usr/local/lib/ruby/1.8/webrick/server.rb:162:in `start'
  /usr/local/lib/ruby/1.8/webrick/server.rb:162:in `start_thread'
  /usr/local/lib/ruby/1.8/webrick/server.rb:95:in `start'
  /usr/local/lib/ruby/1.8/webrick/server.rb:92:in `each'
  /usr/local/lib/ruby/1.8/webrick/server.rb:92:in `start'
  /usr/local/lib/ruby/1.8/webrick/server.rb:23:in `start'
  /usr/local/lib/ruby/1.8/webrick/server.rb:82:in `start'

Rendering /home/mic/dev/playground/fbapp/vendor/plugins/facebooker/templates/layout.erb (200)
  [4;35;1mSQL (1.3ms)[0m   [0mSET client_min_messages TO 'panic'[0m
  [4;36;1mSQL (1.3ms)[0m   [0;1mSET client_min_messages TO 'notice'[0m
  [4;35;1mSQL (0.9ms)[0m   [0mSET client_encoding TO 'unicode'[0m


Processing WelcomeController#index (for 127.0.0.1 at 2010-05-25 17:04:14) [GET]
Rendering template within layouts/application
Rendering welcome/index
Rendered layouts/_header (0.9ms)
Rendered layouts/_footer (0.9ms)
Completed in 51ms (View: 47, DB: 3) | 200 OK [http://localhost/]
  [4;36;1mSQL (1.2ms)[0m   [0;1mSET client_min_messages TO 'panic'[0m
  [4;35;1mSQL (1.2ms)[0m   [0mSET client_min_messages TO 'notice'[0m
  [4;36;1mSQL (0.9ms)[0m   [0;1mSET client_encoding TO 'unicode'[0m


Processing WelcomeController#index (for 127.0.0.1 at 2010-05-25 17:04:34) [GET]
Rendering template within layouts/application
Rendering welcome/index
Rendered layouts/_header (1.7ms)
Rendered layouts/_footer (1.0ms)
Completed in 29ms (View: 25, DB: 3) | 200 OK [http://localhost/]
  [4;36;1mSQL (3.5ms)[0m   [0;1mSET client_min_messages TO 'panic'[0m
  [4;35;1mSQL (1.1ms)[0m   [0mSET client_min_messages TO 'notice'[0m
  [4;36;1mSQL (1.9ms)[0m   [0;1mSET client_encoding TO 'unicode'[0m


Processing WelcomeController#index (for 127.0.0.1 at 2010-05-25 19:05:57) [GET]
Rendering template within layouts/application
Rendering welcome/index
Rendered layouts/_header (56.4ms)
Rendered layouts/_footer (1.2ms)
Completed in 184ms (View: 180, DB: 7) | 200 OK [http://localhost/]
  [4;35;1mSQL (0.9ms)[0m   [0mSET client_min_messages TO 'panic'[0m
  [4;36;1mSQL (0.7ms)[0m   [0;1mSET client_min_messages TO 'notice'[0m
  [4;35;1mSQL (0.9ms)[0m   [0mSET client_encoding TO 'unicode'[0m


Processing WelcomeController#index (for 127.0.0.1 at 2010-05-25 19:13:13) [GET]
Rendering template within layouts/application
Rendering welcome/index
Rendered layouts/_header (5.6ms)
Rendered layouts/_footer (1.3ms)
Completed in 30ms (View: 26, DB: 3) | 200 OK [http://localhost/]
  [4;36;1mSQL (0.8ms)[0m   [0;1mSET client_min_messages TO 'panic'[0m
  [4;35;1mSQL (0.7ms)[0m   [0mSET client_min_messages TO 'notice'[0m
  [4;36;1mSQL (2.5ms)[0m   [0;1mSET client_encoding TO 'unicode'[0m


Processing WelcomeController#index (for 127.0.0.1 at 2010-05-25 19:13:15) [GET]
Rendering template within layouts/application
Rendering welcome/index
Rendered layouts/_header (5.3ms)
Rendered layouts/_footer (0.2ms)
Completed in 13ms (View: 9, DB: 4) | 200 OK [http://localhost/]
  [4;35;1mSQL (1.3ms)[0m   [0mSET client_min_messages TO 'panic'[0m
  [4;36;1mSQL (1.3ms)[0m   [0;1mSET client_min_messages TO 'notice'[0m
  [4;35;1mSQL (1.5ms)[0m   [0mSET client_encoding TO 'unicode'[0m


Processing WelcomeController#index (for 127.0.0.1 at 2010-05-25 19:15:47) [GET]
Rendering template within layouts/application
Rendering welcome/index
Rendered layouts/_header (5.5ms)
Rendered layouts/_footer (0.2ms)
Completed in 13ms (View: 10, DB: 4) | 200 OK [http://localhost/]
  [4;36;1mSQL (1.5ms)[0m   [0;1mSET client_min_messages TO 'panic'[0m
  [4;35;1mSQL (1.1ms)[0m   [0mSET client_min_messages TO 'notice'[0m
  [4;36;1mSQL (1.3ms)[0m   [0;1mSET client_encoding TO 'unicode'[0m


Processing WelcomeController#index (for 127.0.0.1 at 2010-05-25 19:16:12) [GET]
Rendering template within layouts/application
Rendering welcome/index
Rendered layouts/_header (5.1ms)
Rendered layouts/_footer (0.2ms)
Completed in 13ms (View: 9, DB: 4) | 200 OK [http://localhost/]
  [4;35;1mSQL (1.3ms)[0m   [0mSET client_min_messages TO 'panic'[0m
  [4;36;1mSQL (1.3ms)[0m   [0;1mSET client_min_messages TO 'notice'[0m
  [4;35;1mSQL (1.3ms)[0m   [0mSET client_encoding TO 'unicode'[0m


Processing WelcomeController#index (for 127.0.0.1 at 2010-05-25 19:18:03) [GET]
Rendering template within layouts/application
Rendering welcome/index

ActionView::TemplateError (Missing template welcome/_navigation.erb in view path app/views) on line #17 of app/views/layouts/_header.html.erb:
14: 
15: <body>
16:   <div class="main">
17:   	<%= render :partial => 'navigation' %>

    app/views/layouts/_header.html.erb:17
    app/views/layouts/application.html.erb:1
    /usr/local/lib/ruby/1.8/webrick/httpserver.rb:104:in `service'
    /usr/local/lib/ruby/1.8/webrick/httpserver.rb:65:in `run'
    /usr/local/lib/ruby/1.8/webrick/server.rb:173:in `start_thread'
    /usr/local/lib/ruby/1.8/webrick/server.rb:162:in `start'
    /usr/local/lib/ruby/1.8/webrick/server.rb:162:in `start_thread'
    /usr/local/lib/ruby/1.8/webrick/server.rb:95:in `start'
    /usr/local/lib/ruby/1.8/webrick/server.rb:92:in `each'
    /usr/local/lib/ruby/1.8/webrick/server.rb:92:in `start'
    /usr/local/lib/ruby/1.8/webrick/server.rb:23:in `start'
    /usr/local/lib/ruby/1.8/webrick/server.rb:82:in `start'

Rendered rescues/_trace (160.5ms)
Rendered rescues/_request_and_response (3.4ms)
Rendering /home/mic/dev/playground/fbapp/vendor/plugins/facebooker/templates/layout.erb (200)
  [4;36;1mSQL (1.2ms)[0m   [0;1mSET client_min_messages TO 'panic'[0m
  [4;35;1mSQL (1.6ms)[0m   [0mSET client_min_messages TO 'notice'[0m
  [4;36;1mSQL (0.8ms)[0m   [0;1mSET client_encoding TO 'unicode'[0m


Processing WelcomeController#index (for 127.0.0.1 at 2010-05-25 19:18:20) [GET]
Rendering template within layouts/application
Rendering welcome/index
Rendered layouts/_navigation (2.0ms)
Rendered layouts/_header (18.3ms)
Rendered layouts/_footer (0.2ms)
Completed in 33ms (View: 30, DB: 4) | 200 OK [http://localhost/]
  [4;35;1mSQL (1.0ms)[0m   [0mSET client_min_messages TO 'panic'[0m
  [4;36;1mSQL (0.9ms)[0m   [0;1mSET client_min_messages TO 'notice'[0m
  [4;35;1mSQL (0.9ms)[0m   [0mSET client_encoding TO 'unicode'[0m


Processing TeamsController#index (for 127.0.0.1 at 2010-05-25 19:18:22) [GET]
Rendering template within layouts/application
Rendering teams/index
Rendered layouts/_navigation (0.3ms)
Rendered layouts/_header (6.4ms)
Rendered layouts/_footer (0.4ms)
Completed in 30ms (View: 26, DB: 3) | 200 OK [http://localhost/teams/]
  [4;36;1mSQL (0.8ms)[0m   [0;1mSET client_min_messages TO 'panic'[0m
  [4;35;1mSQL (0.7ms)[0m   [0mSET client_min_messages TO 'notice'[0m
  [4;36;1mSQL (0.9ms)[0m   [0;1mSET client_encoding TO 'unicode'[0m


Processing ApplicationController#index (for 127.0.0.1 at 2010-05-25 19:18:23) [GET]

ActionController::RoutingError (No route matches "/games/" with {:method=>:get, :canvas=>false}):
  /usr/local/lib/ruby/1.8/webrick/httpserver.rb:104:in `service'
  /usr/local/lib/ruby/1.8/webrick/httpserver.rb:65:in `run'
  /usr/local/lib/ruby/1.8/webrick/server.rb:173:in `start_thread'
  /usr/local/lib/ruby/1.8/webrick/server.rb:162:in `start'
  /usr/local/lib/ruby/1.8/webrick/server.rb:162:in `start_thread'
  /usr/local/lib/ruby/1.8/webrick/server.rb:95:in `start'
  /usr/local/lib/ruby/1.8/webrick/server.rb:92:in `each'
  /usr/local/lib/ruby/1.8/webrick/server.rb:92:in `start'
  /usr/local/lib/ruby/1.8/webrick/server.rb:23:in `start'
  /usr/local/lib/ruby/1.8/webrick/server.rb:82:in `start'

Rendering /home/mic/dev/playground/fbapp/vendor/plugins/facebooker/templates/layout.erb (200)
  [4;35;1mSQL (1.0ms)[0m   [0mSET client_min_messages TO 'panic'[0m
  [4;36;1mSQL (0.7ms)[0m   [0;1mSET client_min_messages TO 'notice'[0m
  [4;35;1mSQL (0.9ms)[0m   [0mSET client_encoding TO 'unicode'[0m


Processing ScoresController#index (for 127.0.0.1 at 2010-05-25 19:18:41) [GET]
Rendering template within layouts/application
Rendering scores/index
Rendered layouts/_navigation (0.2ms)
Rendered layouts/_header (6.1ms)
Rendered layouts/_footer (0.3ms)
Completed in 28ms (View: 24, DB: 3) | 200 OK [http://localhost/scores/]
  [4;36;1mSQL (0.8ms)[0m   [0;1mSET client_min_messages TO 'panic'[0m
  [4;35;1mSQL (0.7ms)[0m   [0mSET client_min_messages TO 'notice'[0m
  [4;36;1mSQL (0.9ms)[0m   [0;1mSET client_encoding TO 'unicode'[0m


Processing PrizeController#index (for 127.0.0.1 at 2010-05-25 19:18:43) [GET]
Rendering template within layouts/application
Rendering prize/index
Rendered layouts/_navigation (0.2ms)
Rendered layouts/_header (6.3ms)
Rendered layouts/_footer (0.2ms)
Completed in 29ms (View: 24, DB: 2) | 200 OK [http://localhost/prize/]
  [4;35;1mSQL (0.8ms)[0m   [0mSET client_min_messages TO 'panic'[0m
  [4;36;1mSQL (0.7ms)[0m   [0;1mSET client_min_messages TO 'notice'[0m
  [4;35;1mSQL (0.9ms)[0m   [0mSET client_encoding TO 'unicode'[0m


Processing TeamsController#index (for 127.0.0.1 at 2010-05-25 19:18:45) [GET]
Rendering template within layouts/application
Rendering teams/index
Rendered layouts/_navigation (0.2ms)
Rendered layouts/_header (7.5ms)
Rendered layouts/_footer (0.2ms)
Completed in 15ms (View: 11, DB: 2) | 200 OK [http://localhost/teams/]
  [4;36;1mSQL (0.8ms)[0m   [0;1mSET client_min_messages TO 'panic'[0m
  [4;35;1mSQL (0.8ms)[0m   [0mSET client_min_messages TO 'notice'[0m
  [4;36;1mSQL (1.0ms)[0m   [0;1mSET client_encoding TO 'unicode'[0m


Processing TeamsController#index (for 127.0.0.1 at 2010-05-25 19:19:17) [GET]
Rendering template within layouts/application
Rendering teams/index
Rendered layouts/_navigation (2.3ms)
Rendered layouts/_header (45.2ms)
Rendered layouts/_footer (1.2ms)
Completed in 100ms (View: 95, DB: 3) | 200 OK [http://localhost/teams/]
  [4;35;1mSQL (0.8ms)[0m   [0mSET client_min_messages TO 'panic'[0m
  [4;36;1mSQL (0.7ms)[0m   [0;1mSET client_min_messages TO 'notice'[0m
  [4;35;1mSQL (0.9ms)[0m   [0mSET client_encoding TO 'unicode'[0m


Processing GamesController#index (for 127.0.0.1 at 2010-05-25 19:19:18) [GET]
Rendering template within layouts/application
Rendering games/index
Rendered layouts/_navigation (0.2ms)
Rendered layouts/_header (9.7ms)
Rendered layouts/_footer (0.3ms)
Completed in 33ms (View: 29, DB: 2) | 200 OK [http://localhost/games/]
  [4;36;1mSQL (0.8ms)[0m   [0;1mSET client_min_messages TO 'panic'[0m
  [4;35;1mSQL (0.8ms)[0m   [0mSET client_min_messages TO 'notice'[0m
  [4;36;1mSQL (1.0ms)[0m   [0;1mSET client_encoding TO 'unicode'[0m


Processing ScoresController#index (for 127.0.0.1 at 2010-05-25 19:19:20) [GET]
Rendering template within layouts/application
Rendering scores/index
Rendered layouts/_navigation (0.2ms)
Rendered layouts/_header (6.5ms)
Rendered layouts/_footer (0.5ms)
Completed in 30ms (View: 26, DB: 3) | 200 OK [http://localhost/scores/]
  [4;35;1mSQL (1.0ms)[0m   [0mSET client_min_messages TO 'panic'[0m
  [4;36;1mSQL (0.7ms)[0m   [0;1mSET client_min_messages TO 'notice'[0m
  [4;35;1mSQL (0.8ms)[0m   [0mSET client_encoding TO 'unicode'[0m


Processing PrizeController#index (for 127.0.0.1 at 2010-05-25 19:19:21) [GET]
Rendering template within layouts/application
Rendering prize/index
Rendered layouts/_navigation (0.2ms)
Rendered layouts/_header (6.4ms)
Rendered layouts/_footer (0.2ms)
Completed in 30ms (View: 25, DB: 3) | 200 OK [http://localhost/prize/]
  [4;36;1mSQL (0.8ms)[0m   [0;1mSET client_min_messages TO 'panic'[0m
  [4;35;1mSQL (1.1ms)[0m   [0mSET client_min_messages TO 'notice'[0m
  [4;36;1mSQL (1.0ms)[0m   [0;1mSET client_encoding TO 'unicode'[0m


Processing TeamsController#index (for 127.0.0.1 at 2010-05-25 19:19:23) [GET]
Rendering template within layouts/application
Rendering teams/index
Rendered layouts/_navigation (0.2ms)
Rendered layouts/_header (6.2ms)
Rendered layouts/_footer (0.2ms)
Completed in 14ms (View: 10, DB: 3) | 200 OK [http://localhost/teams/]
  [4;35;1mSQL (0.9ms)[0m   [0mSET client_min_messages TO 'panic'[0m
  [4;36;1mSQL (1.1ms)[0m   [0;1mSET client_min_messages TO 'notice'[0m
  [4;35;1mSQL (1.0ms)[0m   [0mSET client_encoding TO 'unicode'[0m


Processing TeamsController#index (for 127.0.0.1 at 2010-05-25 19:19:53) [GET]
Rendering template within layouts/application
Rendering teams/index
Rendered layouts/_navigation (0.2ms)
Rendered layouts/_header (6.7ms)
Rendered layouts/_footer (0.2ms)
Completed in 15ms (View: 11, DB: 3) | 200 OK [http://localhost/teams/]
  [4;36;1mSQL (0.9ms)[0m   [0;1mSET client_min_messages TO 'panic'[0m
  [4;35;1mSQL (0.8ms)[0m   [0mSET client_min_messages TO 'notice'[0m
  [4;36;1mSQL (1.7ms)[0m   [0;1mSET client_encoding TO 'unicode'[0m


Processing GamesController#index (for 127.0.0.1 at 2010-05-25 19:19:54) [GET]
Rendering template within layouts/application
Rendering games/index
Rendered layouts/_navigation (0.2ms)
Rendered layouts/_header (6.6ms)
Rendered layouts/_footer (0.2ms)
Completed in 15ms (View: 11, DB: 3) | 200 OK [http://localhost/games/]
  [4;35;1mSQL (1.3ms)[0m   [0mSET client_min_messages TO 'panic'[0m
  [4;36;1mSQL (1.7ms)[0m   [0;1mSET client_min_messages TO 'notice'[0m
  [4;35;1mSQL (1.3ms)[0m   [0mSET client_encoding TO 'unicode'[0m


Processing ScoresController#index (for 127.0.0.1 at 2010-05-25 19:19:56) [GET]
Rendering template within layouts/application
Rendering scores/index
Rendered layouts/_navigation (0.2ms)
Rendered layouts/_header (6.4ms)
Rendered layouts/_footer (0.2ms)
Completed in 16ms (View: 11, DB: 4) | 200 OK [http://localhost/scores/]
  [4;36;1mSQL (0.8ms)[0m   [0;1mSET client_min_messages TO 'panic'[0m
  [4;35;1mSQL (0.7ms)[0m   [0mSET client_min_messages TO 'notice'[0m
  [4;36;1mSQL (0.9ms)[0m   [0;1mSET client_encoding TO 'unicode'[0m


Processing PrizeController#index (for 127.0.0.1 at 2010-05-25 19:19:57) [GET]
Rendering template within layouts/application
Rendering prize/index
Rendered layouts/_navigation (0.2ms)
Rendered layouts/_header (7.7ms)
Rendered layouts/_footer (0.2ms)
Completed in 16ms (View: 11, DB: 2) | 200 OK [http://localhost/prize/]
  [4;35;1mSQL (0.8ms)[0m   [0mSET client_min_messages TO 'panic'[0m
  [4;36;1mSQL (0.8ms)[0m   [0;1mSET client_min_messages TO 'notice'[0m
  [4;35;1mSQL (1.3ms)[0m   [0mSET client_encoding TO 'unicode'[0m


Processing TeamsController#index (for 127.0.0.1 at 2010-05-25 19:19:58) [GET]
Rendering template within layouts/application
Rendering teams/index
Rendered layouts/_navigation (0.4ms)
Rendered layouts/_header (7.5ms)
Rendered layouts/_footer (0.2ms)
Completed in 15ms (View: 11, DB: 3) | 200 OK [http://localhost/teams/]
  [4;36;1mSQL (1.4ms)[0m   [0;1mSET client_min_messages TO 'panic'[0m
  [4;35;1mSQL (0.7ms)[0m   [0mSET client_min_messages TO 'notice'[0m
  [4;36;1mSQL (0.9ms)[0m   [0;1mSET client_encoding TO 'unicode'[0m


Processing TeamsController#index (for 127.0.0.1 at 2010-05-25 19:35:36) [GET]
Rendering template within layouts/application
Rendering teams/index
Rendered layouts/_navigation (0.2ms)
Rendered layouts/_header (8.5ms)
Rendered layouts/_footer (0.2ms)
Completed in 34ms (View: 30, DB: 3) | 200 OK [http://localhost/teams/]
  [4;35;1mSQL (0.9ms)[0m   [0mSET client_min_messages TO 'panic'[0m
  [4;36;1mSQL (1.1ms)[0m   [0;1mSET client_min_messages TO 'notice'[0m
  [4;35;1mSQL (0.9ms)[0m   [0mSET client_encoding TO 'unicode'[0m


Processing GamesController#index (for 127.0.0.1 at 2010-05-25 20:03:00) [GET]
Rendering template within layouts/application
Rendering games/index
Rendered layouts/_navigation (0.2ms)
Rendered layouts/_header (7.0ms)
Rendered layouts/_footer (0.2ms)
Completed in 16ms (View: 11, DB: 3) | 200 OK [http://localhost/games/]
  [4;36;1mSQL (1.2ms)[0m   [0;1mSET client_min_messages TO 'panic'[0m
  [4;35;1mSQL (1.2ms)[0m   [0mSET client_min_messages TO 'notice'[0m
  [4;36;1mSQL (1.4ms)[0m   [0;1mSET client_encoding TO 'unicode'[0m


Processing WelcomeController#index (for 127.0.0.1 at 2010-05-25 20:25:43) [GET]
Rendering template within layouts/application
Rendering welcome/index
Rendered layouts/_navigation (0.2ms)
Rendered layouts/_header (6.7ms)
Rendered layouts/_footer (0.2ms)
Completed in 59ms (View: 55, DB: 4) | 200 OK [http://localhost/]
  [4;35;1mSQL (0.9ms)[0m   [0mSET client_min_messages TO 'panic'[0m
  [4;36;1mSQL (0.7ms)[0m   [0;1mSET client_min_messages TO 'notice'[0m
  [4;35;1mSQL (1.4ms)[0m   [0mSET client_encoding TO 'unicode'[0m


Processing TeamsController#colours (for 127.0.0.1 at 2010-05-25 20:25:46) [GET]
Rendering template within layouts/application
Rendering teams/colours
Rendered layouts/_navigation (0.2ms)
Rendered layouts/_header (7.6ms)
Rendered layouts/_footer (0.2ms)
Completed in 30ms (View: 26, DB: 3) | 200 OK [http://localhost/teams/colours]
  [4;36;1mSQL (1.3ms)[0m   [0;1mSET client_min_messages TO 'panic'[0m
  [4;35;1mSQL (1.0ms)[0m   [0mSET client_min_messages TO 'notice'[0m
  [4;36;1mSQL (0.9ms)[0m   [0;1mSET client_encoding TO 'unicode'[0m


Processing TeamsController#selectcountry (for 127.0.0.1 at 2010-05-25 20:25:49) [GET]
  Parameters: {"id"=>"1"}

NoMethodError (undefined method `tacitcs_url' for #<TeamsController:0xb6e6ac9c>):
  app/controllers/teams_controller.rb:20:in `selectcountry'
  /usr/local/lib/ruby/1.8/webrick/httpserver.rb:104:in `service'
  /usr/local/lib/ruby/1.8/webrick/httpserver.rb:65:in `run'
  /usr/local/lib/ruby/1.8/webrick/server.rb:173:in `start_thread'
  /usr/local/lib/ruby/1.8/webrick/server.rb:162:in `start'
  /usr/local/lib/ruby/1.8/webrick/server.rb:162:in `start_thread'
  /usr/local/lib/ruby/1.8/webrick/server.rb:95:in `start'
  /usr/local/lib/ruby/1.8/webrick/server.rb:92:in `each'
  /usr/local/lib/ruby/1.8/webrick/server.rb:92:in `start'
  /usr/local/lib/ruby/1.8/webrick/server.rb:23:in `start'
  /usr/local/lib/ruby/1.8/webrick/server.rb:82:in `start'

Rendered rescues/_trace (122.7ms)
Rendered rescues/_request_and_response (3.4ms)
Rendering /home/mic/dev/playground/fbapp/vendor/plugins/facebooker/templates/layout.erb (200)
  [4;35;1mSQL (0.8ms)[0m   [0mSET client_min_messages TO 'panic'[0m
  [4;36;1mSQL (0.7ms)[0m   [0;1mSET client_min_messages TO 'notice'[0m
  [4;35;1mSQL (1.3ms)[0m   [0mSET client_encoding TO 'unicode'[0m


Processing TeamsController#colours (for 127.0.0.1 at 2010-05-25 20:26:10) [GET]
Rendering template within layouts/application
Rendering teams/colours
Rendered layouts/_navigation (0.3ms)
Rendered layouts/_header (9.3ms)
Rendered layouts/_footer (0.2ms)
Completed in 18ms (View: 14, DB: 3) | 200 OK [http://localhost/teams/colours]
  [4;36;1mSQL (0.8ms)[0m   [0;1mSET client_min_messages TO 'panic'[0m
  [4;35;1mSQL (0.7ms)[0m   [0mSET client_min_messages TO 'notice'[0m
  [4;36;1mSQL (0.9ms)[0m   [0;1mSET client_encoding TO 'unicode'[0m


Processing TeamsController#selectcountry (for 127.0.0.1 at 2010-05-25 20:26:11) [GET]
  Parameters: {"id"=>"1"}

NoMethodError (undefined method `tactics_url' for #<TeamsController:0xb6f29584>):
  app/controllers/teams_controller.rb:20:in `selectcountry'
  /usr/local/lib/ruby/1.8/webrick/httpserver.rb:104:in `service'
  /usr/local/lib/ruby/1.8/webrick/httpserver.rb:65:in `run'
  /usr/local/lib/ruby/1.8/webrick/server.rb:173:in `start_thread'
  /usr/local/lib/ruby/1.8/webrick/server.rb:162:in `start'
  /usr/local/lib/ruby/1.8/webrick/server.rb:162:in `start_thread'
  /usr/local/lib/ruby/1.8/webrick/server.rb:95:in `start'
  /usr/local/lib/ruby/1.8/webrick/server.rb:92:in `each'
  /usr/local/lib/ruby/1.8/webrick/server.rb:92:in `start'
  /usr/local/lib/ruby/1.8/webrick/server.rb:23:in `start'
  /usr/local/lib/ruby/1.8/webrick/server.rb:82:in `start'

Rendered rescues/_trace (110.0ms)
Rendered rescues/_request_and_response (0.8ms)
Rendering /home/mic/dev/playground/fbapp/vendor/plugins/facebooker/templates/layout.erb (200)
  [4;35;1mSQL (0.9ms)[0m   [0mSET client_min_messages TO 'panic'[0m
  [4;36;1mSQL (0.9ms)[0m   [0;1mSET client_min_messages TO 'notice'[0m
  [4;35;1mSQL (0.9ms)[0m   [0mSET client_encoding TO 'unicode'[0m


Processing TeamsController#selectcountry (for 127.0.0.1 at 2010-05-25 20:28:11) [GET]
  Parameters: {"id"=>"1"}

NoMethodError (undefined method `tactics_url' for #<TeamsController:0xb6e39ad4>):
  app/controllers/teams_controller.rb:20:in `selectcountry'
  /usr/local/lib/ruby/1.8/webrick/httpserver.rb:104:in `service'
  /usr/local/lib/ruby/1.8/webrick/httpserver.rb:65:in `run'
  /usr/local/lib/ruby/1.8/webrick/server.rb:173:in `start_thread'
  /usr/local/lib/ruby/1.8/webrick/server.rb:162:in `start'
  /usr/local/lib/ruby/1.8/webrick/server.rb:162:in `start_thread'
  /usr/local/lib/ruby/1.8/webrick/server.rb:95:in `start'
  /usr/local/lib/ruby/1.8/webrick/server.rb:92:in `each'
  /usr/local/lib/ruby/1.8/webrick/server.rb:92:in `start'
  /usr/local/lib/ruby/1.8/webrick/server.rb:23:in `start'
  /usr/local/lib/ruby/1.8/webrick/server.rb:82:in `start'

Rendered rescues/_trace (109.4ms)
Rendered rescues/_request_and_response (0.7ms)
Rendering /home/mic/dev/playground/fbapp/vendor/plugins/facebooker/templates/layout.erb (200)
  [4;36;1mSQL (0.8ms)[0m   [0;1mSET client_min_messages TO 'panic'[0m
  [4;35;1mSQL (0.8ms)[0m   [0mSET client_min_messages TO 'notice'[0m
  [4;36;1mSQL (1.3ms)[0m   [0;1mSET client_encoding TO 'unicode'[0m


Processing TeamsController#selectcountry (for 127.0.0.1 at 2010-05-25 20:31:09) [GET]
  Parameters: {"id"=>"1"}
Redirected to http://localhost:4000/teams/tactics
Completed in 6ms (DB: 3) | 302 Found [http://localhost/teams/selectcountry/1]
  [4;35;1mSQL (1.3ms)[0m   [0mSET client_min_messages TO 'panic'[0m
  [4;36;1mSQL (0.8ms)[0m   [0;1mSET client_min_messages TO 'notice'[0m
  [4;35;1mSQL (0.9ms)[0m   [0mSET client_encoding TO 'unicode'[0m


Processing TeamsController#tactics (for 127.0.0.1 at 2010-05-25 20:31:09) [GET]
Rendering template within layouts/application
Rendering teams/tactics
Rendered layouts/_navigation (0.2ms)
Rendered layouts/_header (8.1ms)
Rendered layouts/_footer (0.4ms)
Completed in 25ms (View: 21, DB: 3) | 200 OK [http://localhost/teams/tactics]
  [4;36;1mSQL (0.8ms)[0m   [0;1mSET client_min_messages TO 'panic'[0m
  [4;35;1mSQL (0.8ms)[0m   [0mSET client_min_messages TO 'notice'[0m
  [4;36;1mSQL (1.3ms)[0m   [0;1mSET client_encoding TO 'unicode'[0m


Processing TeamsController#selectcountry (for 127.0.0.1 at 2010-05-25 20:34:45) [GET]
  Parameters: {"id"=>"1"}
Redirected to http://localhost:4000/teams/tactics
Completed in 5ms (DB: 3) | 302 Found [http://localhost/teams/selectcountry/1]
  [4;35;1mSQL (1.4ms)[0m   [0mSET client_min_messages TO 'panic'[0m
  [4;36;1mSQL (1.3ms)[0m   [0;1mSET client_min_messages TO 'notice'[0m
  [4;35;1mSQL (4.6ms)[0m   [0mSET client_encoding TO 'unicode'[0m


Processing TeamsController#tactics (for 127.0.0.1 at 2010-05-25 20:34:45) [GET]
Rendering template within layouts/application
Rendering teams/tactics
Rendered layouts/_navigation (0.2ms)
Rendered layouts/_header (8.4ms)
Rendered layouts/_footer (0.2ms)
Completed in 27ms (View: 21, DB: 7) | 200 OK [http://localhost/teams/tactics]
  [4;36;1mSQL (1.0ms)[0m   [0;1mSET client_min_messages TO 'panic'[0m
  [4;35;1mSQL (0.8ms)[0m   [0mSET client_min_messages TO 'notice'[0m
  [4;36;1mSQL (1.1ms)[0m   [0;1mSET client_encoding TO 'unicode'[0m


Processing TeamsController#selecttactic (for 127.0.0.1 at 2010-05-25 20:34:49) [GET]
  Parameters: {"id"=>"3"}
Redirected to http://localhost:4000/teams/invite
Completed in 5ms (DB: 3) | 302 Found [http://localhost/teams/selecttactic/3]
  [4;35;1mSQL (1.3ms)[0m   [0mSET client_min_messages TO 'panic'[0m
  [4;36;1mSQL (1.5ms)[0m   [0;1mSET client_min_messages TO 'notice'[0m
  [4;35;1mSQL (1.1ms)[0m   [0mSET client_encoding TO 'unicode'[0m


Processing TeamsController#invite (for 127.0.0.1 at 2010-05-25 20:34:49) [GET]
Rendering template within layouts/application
Rendering teams/invite
Rendered layouts/_navigation (0.3ms)
Rendered layouts/_header (6.3ms)
Rendered layouts/_footer (0.2ms)
Completed in 29ms (View: 24, DB: 4) | 200 OK [http://localhost/teams/invite]
  [4;36;1mSQL (1.4ms)[0m   [0;1mSET client_min_messages TO 'panic'[0m
  [4;35;1mSQL (1.1ms)[0m   [0mSET client_min_messages TO 'notice'[0m
  [4;36;1mSQL (1.3ms)[0m   [0;1mSET client_encoding TO 'unicode'[0m


Processing TeamsController#selecttactic (for 127.0.0.1 at 2010-05-25 20:34:57) [GET]
  Parameters: {"id"=>"5"}
Redirected to http://localhost:4000/teams/invite
Completed in 5ms (DB: 4) | 302 Found [http://localhost/teams/selecttactic/5]
  [4;35;1mSQL (0.9ms)[0m   [0mSET client_min_messages TO 'panic'[0m
  [4;36;1mSQL (0.8ms)[0m   [0;1mSET client_min_messages TO 'notice'[0m
  [4;35;1mSQL (1.4ms)[0m   [0mSET client_encoding TO 'unicode'[0m


Processing TeamsController#invite (for 127.0.0.1 at 2010-05-25 20:34:57) [GET]
Rendering template within layouts/application
Rendering teams/invite
Rendered layouts/_navigation (0.4ms)
Rendered layouts/_header (12.0ms)
Rendered layouts/_footer (0.4ms)
Completed in 26ms (View: 19, DB: 3) | 200 OK [http://localhost/teams/invite]
  [4;36;1mSQL (1.2ms)[0m   [0;1mSET client_min_messages TO 'panic'[0m
  [4;35;1mSQL (1.1ms)[0m   [0mSET client_min_messages TO 'notice'[0m
  [4;36;1mSQL (0.9ms)[0m   [0;1mSET client_encoding TO 'unicode'[0m


Processing TeamsController#invite (for 127.0.0.1 at 2010-05-25 20:36:04) [GET]
Rendering template within layouts/application
Rendering teams/invite
Rendered layouts/_navigation (0.2ms)
Rendered layouts/_header (7.4ms)
Rendered layouts/_footer (0.3ms)
Completed in 26ms (View: 22, DB: 3) | 200 OK [http://localhost/teams/invite]
  [4;35;1mSQL (1.3ms)[0m   [0mSET client_min_messages TO 'panic'[0m
  [4;36;1mSQL (1.2ms)[0m   [0;1mSET client_min_messages TO 'notice'[0m
  [4;35;1mSQL (1.3ms)[0m   [0mSET client_encoding TO 'unicode'[0m


Processing WelcomeController#index (for 127.0.0.1 at 2010-05-25 20:36:11) [GET]
Rendering template within layouts/application
Rendering welcome/index
Rendered layouts/_navigation (0.2ms)
Rendered layouts/_header (6.8ms)
Rendered layouts/_footer (0.2ms)
Completed in 16ms (View: 11, DB: 4) | 200 OK [http://localhost/]
  [4;36;1mSQL (1.3ms)[0m   [0;1mSET client_min_messages TO 'panic'[0m
  [4;35;1mSQL (1.0ms)[0m   [0mSET client_min_messages TO 'notice'[0m
  [4;36;1mSQL (1.2ms)[0m   [0;1mSET client_encoding TO 'unicode'[0m


Processing TeamsController#colours (for 127.0.0.1 at 2010-05-25 20:36:16) [GET]
Rendering template within layouts/application
Rendering teams/colours
Rendered layouts/_navigation (0.3ms)
Rendered layouts/_header (8.2ms)
Rendered layouts/_footer (0.2ms)
Completed in 16ms (View: 12, DB: 4) | 200 OK [http://localhost/teams/colours]
  [4;35;1mSQL (1.2ms)[0m   [0mSET client_min_messages TO 'panic'[0m
  [4;36;1mSQL (0.8ms)[0m   [0;1mSET client_min_messages TO 'notice'[0m
  [4;35;1mSQL (0.9ms)[0m   [0mSET client_encoding TO 'unicode'[0m


Processing TeamsController#selectcountry (for 127.0.0.1 at 2010-05-25 20:36:18) [GET]
  Parameters: {"id"=>"2"}
Redirected to http://localhost:4000/teams/tactics
Completed in 4ms (DB: 3) | 302 Found [http://localhost/teams/selectcountry/2]
  [4;36;1mSQL (1.6ms)[0m   [0;1mSET client_min_messages TO 'panic'[0m
  [4;35;1mSQL (1.0ms)[0m   [0mSET client_min_messages TO 'notice'[0m
  [4;36;1mSQL (1.4ms)[0m   [0;1mSET client_encoding TO 'unicode'[0m


Processing TeamsController#tactics (for 127.0.0.1 at 2010-05-25 20:36:18) [GET]
Rendering template within layouts/application
Rendering teams/tactics
Rendered layouts/_navigation (0.2ms)
Rendered layouts/_header (6.1ms)
Rendered layouts/_footer (0.2ms)
Completed in 18ms (View: 11, DB: 4) | 200 OK [http://localhost/teams/tactics]
  [4;35;1mSQL (0.9ms)[0m   [0mSET client_min_messages TO 'panic'[0m
  [4;36;1mSQL (1.1ms)[0m   [0;1mSET client_min_messages TO 'notice'[0m
  [4;35;1mSQL (0.9ms)[0m   [0mSET client_encoding TO 'unicode'[0m


Processing TeamsController#selecttactic (for 127.0.0.1 at 2010-05-25 20:36:20) [GET]
  Parameters: {"id"=>"4"}
Redirected to http://localhost:4000/teams/invite
Completed in 8ms (DB: 3) | 302 Found [http://localhost/teams/selecttactic/4]
  [4;36;1mSQL (1.5ms)[0m   [0;1mSET client_min_messages TO 'panic'[0m
  [4;35;1mSQL (0.8ms)[0m   [0mSET client_min_messages TO 'notice'[0m
  [4;36;1mSQL (1.0ms)[0m   [0;1mSET client_encoding TO 'unicode'[0m


Processing TeamsController#invite (for 127.0.0.1 at 2010-05-25 20:36:20) [GET]
Rendering template within layouts/application
Rendering teams/invite
Rendered layouts/_navigation (0.2ms)
Rendered layouts/_header (8.0ms)
Rendered layouts/_footer (0.2ms)
Completed in 16ms (View: 12, DB: 3) | 200 OK [http://localhost/teams/invite]
  [4;35;1mSQL (0.9ms)[0m   [0mSET client_min_messages TO 'panic'[0m
  [4;36;1mSQL (0.7ms)[0m   [0;1mSET client_min_messages TO 'notice'[0m
  [4;35;1mSQL (0.9ms)[0m   [0mSET client_encoding TO 'unicode'[0m


Processing ScoresController#index (for 127.0.0.1 at 2010-05-25 20:36:32) [GET]
Rendering template within layouts/application
Rendering scores/index
Rendered layouts/_navigation (0.2ms)
Rendered layouts/_header (6.7ms)
Rendered layouts/_footer (0.2ms)
Completed in 22ms (View: 17, DB: 3) | 200 OK [http://localhost/scores/]
  [4;36;1mSQL (0.8ms)[0m   [0;1mSET client_min_messages TO 'panic'[0m
  [4;35;1mSQL (0.7ms)[0m   [0mSET client_min_messages TO 'notice'[0m
  [4;36;1mSQL (1.1ms)[0m   [0;1mSET client_encoding TO 'unicode'[0m


Processing GamesController#index (for 127.0.0.1 at 2010-05-25 20:36:34) [GET]
Rendering template within layouts/application
Rendering games/index
Rendered layouts/_navigation (0.2ms)
Rendered layouts/_header (6.5ms)
Rendered layouts/_footer (0.2ms)
Completed in 20ms (View: 16, DB: 3) | 200 OK [http://localhost/games/]
  [4;35;1mSQL (1.2ms)[0m   [0mSET client_min_messages TO 'panic'[0m
  [4;36;1mSQL (1.3ms)[0m   [0;1mSET client_min_messages TO 'notice'[0m
  [4;35;1mSQL (1.3ms)[0m   [0mSET client_encoding TO 'unicode'[0m


Processing WelcomeController#index (for 127.0.0.1 at 2010-05-25 20:41:05) [GET]
Rendering template within layouts/application
Rendering welcome/index
Rendered layouts/_navigation (0.2ms)
Rendered layouts/_header (7.8ms)
Rendered layouts/_footer (0.3ms)
Completed in 25ms (View: 20, DB: 4) | 200 OK [http://localhost/]
  [4;36;1mSQL (1.4ms)[0m   [0;1mSET client_min_messages TO 'panic'[0m
  [4;35;1mSQL (1.4ms)[0m   [0mSET client_min_messages TO 'notice'[0m
  [4;36;1mSQL (0.9ms)[0m   [0;1mSET client_encoding TO 'unicode'[0m


Processing TeamsController#addteam (for 127.0.0.1 at 2010-05-25 20:41:08) [GET]
Redirected to http://localhost:4000/teams/colours
Completed in 5ms (DB: 4) | 302 Found [http://localhost/teams/addteam]
  [4;35;1mSQL (0.9ms)[0m   [0mSET client_min_messages TO 'panic'[0m
  [4;36;1mSQL (0.9ms)[0m   [0;1mSET client_min_messages TO 'notice'[0m
  [4;35;1mSQL (1.3ms)[0m   [0mSET client_encoding TO 'unicode'[0m


Processing TeamsController#colours (for 127.0.0.1 at 2010-05-25 20:41:08) [GET]
Rendering template within layouts/application
Rendering teams/colours
Rendered layouts/_navigation (0.2ms)
Rendered layouts/_header (6.2ms)
Rendered layouts/_footer (0.5ms)
Completed in 16ms (View: 11, DB: 3) | 200 OK [http://localhost/teams/colours]
